PLINK v2.00a6LM 64-bit Intel (18 Apr 2024)
Options in effect:
  --bfile /home/christian/Research/Integrative/prsPPMx/temp/simulation
  --covar /home/christian/Research/Integrative/prsPPMx/temp/simulation.covar
  --glm
  --ld-window 500
  --out /home/christian/Research/Integrative/prsPPMx/temp/simulation
  --pca 10
  --pheno /home/christian/Research/Integrative/prsPPMx/temp/simulation.pheno
  --r2-unphased

Hostname: christian-laptop
Working directory: /home/christian/Research/Integrative/prsPPMx
Start time: Mon Apr 29 19:05:15 2024

Random number seed: 1714435515
5859 MiB RAM detected, ~1385 available; reserving 1321 MiB for main workspace.
Using up to 8 compute threads.
500 samples (0 females, 0 males, 500 ambiguous; 500 founders) loaded from
/home/christian/Research/Integrative/prsPPMx/temp/simulation.fam.
490 variants loaded from
/home/christian/Research/Integrative/prsPPMx/temp/simulation.bim.
6 quantitative phenotypes loaded.
5 covariates loaded from /home/christian/Research/Integrative/prsPPMx/temp/simulation.covar.
Calculating allele frequencies... done.
Constructing GRM: done.
Extracting eigenvalues and eigenvectors... done.
--pca: Eigenvectors written to
/home/christian/Research/Integrative/prsPPMx/temp/simulation.eigenvec , and
eigenvalues written to
/home/christian/Research/Integrative/prsPPMx/temp/simulation.eigenval .
--r2-unphased: Results written to
/home/christian/Research/Integrative/prsPPMx/temp/simulation.vcor .
Warning: Excluding constant covariate 'subj_ancestries' from --glm.
Warning: Excluding constant covariate 'abcd_site' from --glm.
--glm linear regression on quantitative phenotypes #1-6: done.
Results written to
/home/christian/Research/Integrative/prsPPMx/temp/simulation.<phenotype
name>.glm.linear .

End time: Mon Apr 29 19:05:15 2024
